<?xml version="1.0" encoding="UTF-8"?>
<!-- Generated by org.testng.reporters.JUnitReportReporter -->
<testsuite hostname="MSI" failures="0" tests="2" name="testSuites.ts_01HeroAdd" time="21.002" errors="0" timestamp="2022-06-07T22:32:36 CDT" skipped="0">
  <testcase classname="testSuites.ts_01HeroAdd" name="tc_001" time="4.003"/>
  <system-out/>
  <testcase classname="testSuites.ts_01HeroAdd" name="tc_002" time="16.999"/>
  <system-out/>
</testsuite> <!-- testSuites.ts_01HeroAdd -->
